version: 1
creator: callgrind-3.5.0
pid: 16287
cmd:  ./test-allocator
part: 1


desc: I1 cache: 
desc: D1 cache: 
desc: L2 cache: 

desc: Timerange: Basic block 0 - 6310638870
desc: Trigger: Program termination

positions: line
events: Ir
summary: 128874034


ob=(5) /afs/ir.stanford.edu/users/c/w/cwoebker/cs107/assign7/test-allocator
fl=(6) /afs/ir/users/b/e/benny3t3/assign7/test-allocator.c
fn=(612) EvalScriptForPerformance
368 559
+1 301
+1 172
+1 43
+2 129
-3 2512584
+1 628146
+2 2211470
+3 2108071
+2 301153
-2 301153
+1 602306
+13 2056748
+4 172181
cfi=(8) /afs/ir/users/b/e/benny3t3/assign7/segment.c
cfn=(562) HeapSegmentSize
calls=172181 27 
* 860905
* 456008
cfi=(8)
cfn=(562)
calls=456008 27 
* 2280040
* 1256378
-25 2485304
+28 172
-24 51758
+9 181153
+1 51758
-1 25879
+1 77637
+1 51758
+10 6863
cfi=(8)
cfn=(562)
calls=6863 27 
* 34315
-25 20589
+25 6863
-25 6863
+19 903471
+1 1204628
+1 903471
-14 602306
cfi=(7) /afs/ir/users/b/e/benny3t3/assign7/allocator.c
cfn=(568) mymalloc
calls=301153 +31 
* 34254164
* 301153
+12 1505785
cfi=(7)
cfn=(588) myfree
calls=301157 +64 
* 28565853
* 301157
+9 172
-15 103516
cfi=(7)
cfn=(632) myrealloc
calls=25879 +97 
* 41341666
* 25879

fn=(244) main
cfn=(488) TestAllocator
calls=1 175 
134 128762480

fn=(488)
cfi=(9) /afs/ir/users/b/e/benny3t3/assign7/fcyc.c
cfn=(590) fsecs
calls=13 94 
188 128762480

fl=(9)
fn=(606) fcyc
cfi=(6)
cfn=(612)
calls=43 356 
183 128762480

fn=(590)
cfn=(606)
calls=13 175 
97 128762480

fl=(7)
fn=(584) coalesce
322 975666
162 325222
322 1300888
162 650444
+3 1227472
-10 2454944
329 613736
155 146832
329 36708
101 306868
329 613736
221 160128
+1 320256
+2 320256
+1 179406
+2 224781
+1 74927
+21 74927
+85 74927
-85 74927
+85 74927
-85 85201
+85 85201
-85 85201
+85 85201
101 317858
334 635716
221 151533
+1 303066
+2 303066
+1 198518
+2 272487
+1 90829
+21 181658
96 181658
343 181658
-94 121408
96 121408
343 121408
96 347378
343 677566
+4 198132
+2 66044
+1 66044
+20 1155658
-18 320256
+1 223917
+2 74639
+1 298556
+14 522473
-36 165094
-85 165094
+85 166321
-85 347378
361 85489
+4 85489
-4 427445
+3 85489
+1 256467
+5 598423
237 140850
+2 68442
+1 136884
-3 104548
+2 36924
+1 73848
-8 25290
+1 16860
-1 44328
+1 29552
+11 1983
+1 3966
-1 15350
+1 30700

fn=(588)
452 903471
+1 602314
101 301009
+18 301009
456 602018
+13 296
96 301009
459 301009
+1 301009
+4 602018
cfn=(584)
calls=397251 322 
* 19274251
204 602018
464 301009
204 1163323
+6 862314
+1 287438
+1 574876
+1 287438
+3 287438
469 574876
216 13571
469 27142
205 40713
+1 13571
+1 13571
+1 27142

fn=(632)
479 207032
+2 51758
119 51758
-18 25879
485 51758
+3 51758
96 25879
499 25879
96 25879
499 51758
+6 414
+2 44420
91 4139
509 4139
+1 4139
91 4139
509 4139
+1 12417
155 33112
517 4139
+1 4139
cfn=(584)
calls=5248 322 
* 216288
204 8278
518 4139
204 16556
+6 12417
+1 4139
+1 8278
+1 4139
+3 8278
551 181153
-49 77016
+3 51344
+21 59096
155 21404
531 10690
101 5345
531 10690
96 4664
532 2332
+2 2332
-2 2332
+2 2332
221 1563
+1 1563
+2 1563
-2 1563
+2 1563
+1 1794
+2 2691
+1 897
91 897
537 897
249 897
538 897
91 897
537 897
+1 3588
91 666
537 666
249 666
538 666
91 666
537 666
+1 2664
+9 26422
cfn=(568)
calls=17317 407 
* 1919864
+1 13211
-1 13211
+1 82264
cob=(4) /lib/libc-2.5.so
cfi=(4) ???
cfn=(446) memcpy
calls=12396 0 
* 36376025
* 19520
cob=(4)
cfi=(4)
cfn=(446)
calls=4920 0 
* 218026
101 26422
456 26422
96 13211
459 13211
+1 13211
+4 26422
cfn=(584)
calls=17317 322 
* 900964
204 26422
464 13211
204 47444
+6 34233
+1 11411
+1 22822
+1 11411
+3 39633
-11 5400
+1 1800
+1 1800
+1 3600
+29 1332
+2 648
+1 1296
+4 18
+1 36

fn=(568)
407 314364
+1 314364
-1 1886184
+1 628728
+5 942660
257 1883898
96 3429820
285 3429820
+3 1407553
-4 2815106
431 6863
cfi=(8)
cfn=(570) HeapPageSize
calls=8758 33 
* 61767
* 6863
+1 6863
cfi=(8)
cfn=(570)
calls=8758 33 
* 61767
* 82356
+2 13726
cfi=(8)
cfn=(576) ExtendHeapSegment
calls=8758 59 
* 343150
* 20589
+4 6863
cfi=(8)
cfn=(562)
calls=8758 27 
* 34315
* 13726
+1 6863
cfi=(8)
cfn=(570)
calls=8758 33 
* 61767
* 6863
+1 13726
-1 6863
+1 6863
+3 13726
cfn=(584)
calls=8758 322 
* 426427
204 13726
443 6863
204 20081
+6 13218
+1 4406
+1 8812
+1 4406
+3 4406
+5 4406
+1 8812
+2 4406
-2 4406
+2 4406
-8 2457
+5 2457
+1 4914
+2 2457
-2 2457
+2 2457
+1 55202
+2 55605
+1 18535
+21 18535
96 37070
378 37070
+4 37070
249 295685
96 591370
378 591370
+4 591370
91 302890
+64 302890
-64 302890
385 605780
-1 302890
+1 302890
155 1817340
+2 605780
388 302890
+1 302890
204 1414338
+6 505668
+1 168556
+1 337112
+1 168556
+3 168556
112 168556
448 1179892
216 134334
112 134334
448 940338
112 11330
448 80318
-32 1174988
+16 13104
91 22660
395 11330
+1 22660
205 7371
+1 2457
+1 2457
+1 4914
+13 307357
+1 307357
+2 614714
+13 573238
+2 151851
+1 303702
-35 403002
+1 134334
+1 134334
+1 268668
+24 27198
+1 18132
+11 134768
+1 269536

fl=(5) ???
fn=(220) 0x0804b1e9
0 2

fn=(230) 0x08048b80
0 8

fn=(224) 0x08048af4
0 13

fn=(200) 0x08048ad0
0 13
cob=(1) /lib/ld-2.5.so
cfi=(1) ???
cfn=(208) _dl_runtime_resolve
calls=1 0 
0 1033

fn=(218) __libc_csu_init
0 6
cfn=(220)
calls=1 0 
0 2
0 3
cob=(2) ???
cfi=(2) ???
cfn=(222) 0x08048814
calls=1 0 
0 41
0 14

fn=(236) 0x0804b1f0
0 12

fl=(8)
fn=(570)
33 61767
+1 61767
+1 20589
+2 41178

fn=(576)
59 20589
+1 6863
-1 27452
+1 13726
+2 6863
+2 6863
-2 6863
+2 6863
+8 48041
-38 20589
+31 13726
+1 34315
+2 6863
+1 27452
cob=(4)
cfi=(4)
cfn=(582) mprotect
calls=8757 -69 
* 82356
* 13726

fn=(562)
27 1925745
+2 1283830

ob=(1)
fl=(1)
fn=(14) sbrk
0 5
cfn=(4) 0x005e8feb
calls=1 0 
0 2
0 20

fn=(34) __libc_memalign
0 150
cfn=(4)
calls=25 0 
0 50
0 497
cfn=(90) mmap
calls=2 0 
0 46
0 301

fn=(40) rtld_lock_default_lock_recursive
0 18

fn=(42) rtld_lock_default_unlock_recursive
0 18

fn=(46) uname
0 8

fn=(104) __xstat64
0 192
cfn=(4)
calls=32 0 
0 64
0 500

fn=(136) do_lookup_x
0 1100
cfn=(4)
calls=132 0 
0 200
0 18727
cfn=(76) _dl_name_match_p
calls=89 0 
0 1534
0 6221
cfn=(138) check_match.8179
calls=129 0 
0 14753
0 287

fn=(138)
0 960
cfn=(4)
calls=129 0 
0 192
0 4190
cfn=(44) strcmp
calls=125 0 
0 7082
0 364
cfn=(44)
calls=56 0 
0 1919
0 46

fn=(4)
0 1066

fn=(8) _dl_sysdep_start
0 8
cfn=(4)
calls=1 0 
0 2
0 362
cfn=(10) brk
calls=1 0 
0 20
0 7
cfn=(14)
calls=1 0 
0 27
0 12
cfn=(16) dl_main
calls=1 0 
0 108798
0 57
cfn=(12) strlen
calls=1 0 
0 29
0 2

fn=(12)
0 1210

fn=(76)
0 328
cfn=(4)
calls=103 0 
0 82
0 246
cfn=(44)
calls=103 0 
0 376
0 511
cfn=(44)
calls=107 0 
0 726
0 377

fn=(92) memset
0 847

fn=(100) openaux
0 42
cfn=(74) _dl_map_object
calls=2 0 
0 12424
0 14

fn=(134) _dl_lookup_symbol_x
0 1200
cfn=(4)
calls=132 0 
0 200
0 17230
cfn=(136)
calls=132 0 
0 42822
0 3842

fn=(208)
0 6
cfn=(210) _dl_fixup
calls=33 0 
0 1023
0 4

fn=(82) open
0 470
cfn=(68) __i686.get_pc_thunk.cx
calls=40 0 
0 80
0 240

fn=(144) _dl_allocate_tls_init
0 7
cfn=(4)
calls=1 0 
0 2
0 58
cfn=(52) mempcpy
calls=1 0 
0 16
0 4
cfn=(92)
calls=1 0 
0 32
0 13

fn=(16)
0 6
cfn=(4)
calls=1 0 
0 2
0 14
cfn=(18) process_envvars
calls=1 0 
0 856
0 11
cfn=(22) _dl_new_object
calls=1 0 
0 297
0 13
cfn=(38) _dl_add_to_namespace_list
calls=1 0 
0 53
0 135
cfn=(44)
calls=1 0 
0 9
0 251
cfn=(6) _dl_setup_hash
calls=1 0 
0 34
0 21
cfn=(48) _dl_init_paths
calls=1 0 
0 6837
0 3
cfn=(60) _dl_debug_initialize
calls=1 0 
0 35
0 59
cfn=(62) _dl_debug_state
calls=1 0 
0 4
0 13
cfn=(96) access
calls=1 0 
0 18
0 19
cfn=(98) _dl_map_object_deps
calls=1 0 
0 14330
0 109
cfn=(116) _dl_receive_error
calls=1 0 
0 3065
0 123
cfn=(132) _dl_relocate_object
calls=3 0 
0 73025
0 16
cfn=(140) _dl_add_to_slotinfo
calls=1 0 
0 28
0 18
cfn=(142) _dl_sysdep_start_cleanup
calls=1 0 
0 4
0 10
cfn=(144)
calls=1 0 
0 132
0 12
cfn=(60)
calls=1 0 
0 25
0 3
cfn=(62)
calls=1 0 
0 4
0 2
cfn=(146) _dl_unload_cache
calls=1 0 
0 30
0 18
cfn=(132)
calls=1 0 
0 4681
0 14
cfn=(126) init_tls
calls=1 0 
0 761
0 21
cfn=(12)
calls=1 0 
0 114
0 10
cfn=(36) memcpy
calls=1 0 
0 27
0 20
cfn=(58) strsep
calls=1 0 
0 697
0 5
cfn=(58)
calls=1 0 
0 14
0 27
cfn=(64) _dl_catch_error
calls=1 0 
0 2634
0 49
cfn=(46)
calls=1 0 
0 8
0 72

fn=(26) calloc
0 64
cfn=(4)
calls=8 0 
0 16
0 80
cfn=(30) malloc
calls=8 0 
0 483
0 64

fn=(50) _dl_important_hwcaps
0 6
cfn=(4)
calls=1 0 
0 2
0 1043
cfn=(12)
calls=1 0 
0 21
0 57
cfn=(30)
calls=1 0 
0 54
0 38
cfn=(52)
calls=1 0 
0 16
0 7
cfn=(52)
calls=1 0 
0 16
0 40
cfn=(52)
calls=1 0 
0 15
0 18
cfn=(52)
calls=2 0 
0 30
0 397

fn=(64)
0 15
cfn=(4)
calls=3 0 
0 6
0 21
cfn=(66) _dl_initial_error_catch_tsd
calls=3 0 
0 27
0 21
cfn=(70) __sigsetjmp
calls=3 0 
0 33
0 27
cfn=(100)
calls=2 0 
0 12480
cfn=(72) map_doit
calls=1 0 
0 2569
0 45

fn=(66)
0 4
cfn=(68)
calls=4 0 
0 8
0 24

fn=(86) _dl_map_object_from_fd
0 12
cfn=(4)
calls=2 0 
0 4
0 16
cfn=(60)
calls=2 0 
0 50
0 14
cfn=(88) __fxstat64
calls=2 0 
0 40
0 169
cfn=(22)
calls=2 0 
0 1113
0 327
cfn=(112) _dl_next_tls_modid
calls=1 0 
0 21
0 287
cfn=(90)
calls=2 0 
0 46
0 138
cfn=(90)
calls=2 0 
0 46
0 55
cfn=(90)
calls=1 0 
0 23
0 22
cfn=(114) mprotect
calls=1 0 
0 10
0 42
cfn=(92)
calls=2 0 
0 457
0 549
cfn=(94) close
calls=1 0 
0 8
0 4
cfn=(94)
calls=1 0 
0 8
0 32
cfn=(6)
calls=2 0 
0 68
0 41
cfn=(38)
calls=2 0 
0 122
0 78

fn=(98)
0 23
cfn=(4)
calls=1 0 
0 2
0 237
cfn=(54) index
calls=2 0 
0 143
0 24
cfn=(64)
calls=2 0 
0 12610
0 337
cfn=(30)
calls=2 0 
0 108
0 28
cfn=(36)
calls=2 0 
0 33
0 14
cfn=(36)
calls=2 0 
0 33
0 66
cfn=(30)
calls=1 0 
0 54
0 117
cfn=(36)
calls=1 0 
0 19
0 15
cfn=(92)
calls=1 0 
0 20
0 137
cfn=(92)
calls=2 0 
0 35
0 275

fn=(116)
0 5
cfn=(4)
calls=1 0 
0 2
0 7
cfn=(66)
calls=1 0 
0 9
0 10
cfn=(118) version_check_doit
calls=1 0 
0 3023
0 9

fn=(120) _dl_check_all_versions
0 8
cfn=(4)
calls=1 0 
0 2
0 57
cfn=(122) _dl_check_map_versions
calls=4 0 
0 2919
0 16

fn=(146)
0 4
cfn=(4)
calls=1 0 
0 2
0 10
cfn=(148) munmap
calls=1 0 
0 9
0 5

fn=(158) call_init
0 40
cfn=(4)
calls=5 0 
0 10
0 112
cob=(4)
cfi=(4)
cfn=(186) _init
calls=1 0 
0 209
cob=(2)
cfi=(2)
cfn=(160) 0x046a024c
calls=1 0 
0 53
0 14

fn=(70)
0 33

fn=(94)
0 24

fn=(118)
0 6
cfn=(4)
calls=1 0 
0 2
0 6
cfn=(120)
calls=1 0 
0 3002
0 7

fn=(38)
0 24
cfn=(4)
calls=3 0 
0 6
0 18
cfn=(40)
calls=3 0 
0 18
0 60
cfn=(42)
calls=2 0 
0 12
0 11
cfn=(42)
calls=1 0 
0 6
0 20

fn=(60)
0 24
cfn=(4)
calls=4 0 
0 8
0 78

fn=(88)
0 18
cfn=(4)
calls=3 0 
0 6
0 36

fn=(106) _dl_load_cache_lookup
0 6
cfn=(4)
calls=1 0 
0 2
0 16
cfn=(44)
calls=1 0 
0 16
0 7
cfn=(44)
calls=1 0 
0 16
0 7
cfn=(44)
calls=1 0 
0 16
0 7
cfn=(44)
calls=1 0 
0 39
0 163
cfn=(110) _dl_cache_libcmp
calls=10 0 
0 958
0 64
cfn=(108) _dl_sysdep_read_whole_file
calls=1 0 
0 111
0 83
cfn=(110)
calls=2 0 
0 270
0 99

fn=(108)
0 5
cfn=(4)
calls=1 0 
0 2
0 9
cfn=(82)
calls=1 0 
0 10
0 8
cfn=(88)
calls=1 0 
0 20
0 9
cfn=(94)
calls=1 0 
0 8
0 15
cfn=(90)
calls=1 0 
0 23
0 2

fn=(114)
0 30

fn=(130) _dl_allocate_tls_storage
0 5
cfn=(4)
calls=1 0 
0 2
0 8
cfn=(34)
calls=1 0 
0 81
0 8
cfn=(92)
calls=1 0 
0 303
0 7
cfn=(26)
calls=1 0 
0 82
0 14

fn=(142)
0 4

fn=(210)
0 9
cfn=(4)
calls=33 0 
0 2
0 47
cfn=(134)
calls=33 0 
0 940
0 25

fn=(268) _dl_sysinfo_int80
0 13726

fn=(2) _dl_start
0 7
cfn=(4)
calls=1 0 
0 2
0 308
cfn=(6)
calls=1 0 
0 34
0 18
cfn=(8)
calls=1 0 
0 109324
0 42

fn=(22)
0 18
cfn=(4)
calls=3 0 
0 6
0 21
cfn=(12)
calls=3 0 
0 153
0 33
cfn=(26)
calls=3 0 
0 297
0 51
cfn=(36)
calls=3 0 
0 61
0 269
cfn=(12)
calls=2 0 
0 153
0 34
cfn=(30)
calls=2 0 
0 108
0 20
cfn=(52)
calls=2 0 
0 45
0 141

fn=(36)
0 327

fn=(52)
0 1668

fn=(62)
0 8

fn=(80) open_verify
0 252
cfn=(4)
calls=42 0 
0 84
0 588
cfn=(82)
calls=42 0 
0 780
0 142
cfn=(84) read
calls=2 0 
0 20
0 544

fn=(90)
0 184

fn=(124) match_symbol
0 45
cfn=(4)
calls=5 0 
0 10
0 234
cfn=(44)
calls=5 0 
0 398
0 50

fn=(0) 0x005d3810
0 2
cfn=(2)
calls=1 0 
0 109735
0 2
cfn=(152) 0x005d3800
calls=1 0 
0 2
0 17
cfn=(156) _dl_init
calls=1 0 
0 525
0 3
cob=(5)
cfi=(5)
cfn=(200)
calls=1 0 
0 128763748

fn=(20) _dl_next_ld_env_entry
0 374

fn=(44)
0 10622

fn=(54)
0 921

fn=(72)
0 13
cfn=(74)
calls=1 0 
0 2551
0 5

fn=(84)
0 20

fn=(112)
0 5
cfn=(4)
calls=1 0 
0 2
0 14

fn=(132)
0 32
cfn=(4)
calls=4 0 
0 8
0 5667
cfn=(36)
calls=4 0 
0 64
0 622
cfn=(114)
calls=2 0 
0 20
0 3028
cfn=(134)
calls=3 0 
0 1543
0 1209
cfn=(134)
calls=93 0 
0 61037
0 2494
cfn=(134)
calls=3 0 
0 1774
0 208

fn=(140)
0 6
cfn=(4)
calls=1 0 
0 2
0 20

fn=(152)
0 2

fn=(10)
0 5
cfn=(4)
calls=1 0 
0 2
0 13

fn=(18)
0 6
cfn=(4)
calls=1 0 
0 2
0 17
cfn=(20)
calls=1 0 
0 183
0 6
cfn=(20)
calls=3 0 
0 191
0 451

fn=(56) fillin_rpath
0 6
cfn=(4)
calls=1 0 
0 2
0 13
cfn=(58)
calls=1 0 
0 389
0 25
cfn=(58)
calls=5 0 
0 1291
0 28
cfn=(12)
calls=5 0 
0 304
0 290
cfn=(30)
calls=5 0 
0 270
0 65
cfn=(52)
calls=5 0 
0 100
0 391

fn=(68)
0 90

fn=(78) expand_dynamic_string_token
0 5
cfn=(4)
calls=1 0 
0 2
0 9
cfn=(54)
calls=1 0 
0 214
0 4
cfn=(12)
calls=1 0 
0 108
0 3
cfn=(30)
calls=1 0 
0 54
0 6
cfn=(36)
calls=1 0 
0 27
0 6

fn=(126)
0 7
cfn=(4)
calls=1 0 
0 2
0 20
cfn=(26)
calls=1 0 
0 82
0 34
cfn=(128) _dl_determine_tlsoffset
calls=1 0 
0 79
0 1
cfn=(130)
calls=1 0 
0 510
0 26

fn=(6)
0 136

fn=(74)
0 18
cfn=(4)
calls=3 0 
0 6
0 125
cfn=(76)
calls=7 0 
0 550
0 47
cfn=(54)
calls=2 0 
0 85
0 10
cfn=(78)
calls=1 0 
0 438
0 14
cfn=(80)
calls=1 0 
0 151
0 52
cfn=(86)
calls=2 0 
0 3802
0 54
cfn=(44)
calls=2 0 
0 25
0 7
cfn=(12)
calls=1 0 
0 37
0 33
cfn=(102) open_path
calls=1 0 
0 7200
0 57
cfn=(106)
calls=1 0 
0 1880
0 18
cfn=(80)
calls=1 0 
0 219
0 6
cfn=(12)
calls=1 0 
0 51
0 3
cfn=(30)
calls=1 0 
0 54
0 7
cfn=(36)
calls=1 0 
0 20
0 6

fn=(96)
0 10
cfn=(68)
calls=1 0 
0 2
0 6

fn=(102)
0 9
cfn=(4)
calls=1 0 
0 2
0 82
cfn=(52)
calls=5 0 
0 100
0 779
cfn=(52)
calls=40 0 
0 650
0 240
cfn=(52)
calls=40 0 
0 680
0 520
cfn=(80)
calls=40 0 
0 2040
0 1071
cfn=(104)
calls=32 0 
0 756
0 271

fn=(110)
0 1228

fn=(122)
0 44
cfn=(4)
calls=4 0 
0 8
0 138
cfn=(76)
calls=7 0 
0 562
0 131
cfn=(124)
calls=2 0 
0 266
0 42
cfn=(124)
calls=3 0 
0 471
0 357
cfn=(26)
calls=3 0 
0 246
0 654

fn=(148)
0 9

fn=(156)
0 6
cfn=(4)
calls=1 0 
0 2
0 29
cfn=(158)
calls=1 0 
0 32
0 30
cfn=(158)
calls=3 0 
0 307
0 18
cfn=(158)
calls=1 0 
0 99
0 2

fn=(30)
0 96
cfn=(4)
calls=24 0 
0 48
0 144
cfn=(34)
calls=24 0 
0 963
0 96

fn=(48)
0 6
cfn=(4)
calls=1 0 
0 2
0 9
cfn=(50)
calls=1 0 
0 1760
0 4
cfn=(30)
calls=1 0 
0 54
0 14
cfn=(30)
calls=1 0 
0 54
0 154
cfn=(54)
calls=1 0 
0 479
0 5
cfn=(12)
calls=1 0 
0 240
0 11
cfn=(36)
calls=1 0 
0 43
0 753
cfn=(30)
calls=1 0 
0 54
0 13
cfn=(56)
calls=1 0 
0 3174
0 8

fn=(58)
0 2391

fn=(128)
0 6
cfn=(4)
calls=1 0 
0 2
0 71

ob=(4)
fl=(4)
fn=(214) __cxa_atexit
0 5
cfn=(188) 0x00607ce0
calls=1 0 
0 2
0 4
cfn=(216) __new_exitfn
calls=1 0 
0 50
0 17

fn=(186)
0 5
cfn=(188)
calls=1 0 
0 2
0 24
cfn=(190) __init_misc
calls=1 0 
0 133
0 1
cfn=(194) __libc_global_ctors
calls=1 0 
0 38
0 6

fn=(192) rindex
0 100

fn=(196) _IO_check_libio
0 5
cfn=(188)
calls=1 0 
0 2
0 10

fn=(188)
0 14

fn=(194)
0 5
cfn=(188)
calls=1 0 
0 2
0 6
cfn=(196)
calls=1 0 
0 17
0 8

fn=(446)
0 36594051

fn=(242) _setjmp
0 14

fn=(190)
0 7
cfn=(188)
calls=1 0 
0 2
0 10
cfn=(192)
calls=1 0 
0 100
0 14

fn=(216)
0 9
cfn=(188)
calls=1 0 
0 2
0 39

fn=(212) (below main)
0 7
cfn=(188)
calls=1 0 
0 2
0 15
cfn=(214)
calls=1 0 
0 78
0 15
cob=(5)
cfi=(5)
cfn=(218)
calls=1 0 
0 66
0 9
cfn=(242)
calls=1 0 
0 14
0 16
cob=(5)
cfi=(6)
cfn=(244)
calls=1 103 
0 128762480

fn=(582)
0 41178
cob=(1)
cfi=(1)
cfn=(268)
calls=8758 0 
0 13726
0 27452

ob=(2)
fl=(2)
fn=(160)
0 4
cob=(3) /usr/lib/valgrind/vgpreload_core-x86-linux.so
cfi=(3) ???
cfn=(162) 0x000002b0
calls=1 0 
0 13
0 1
cob=(3)
cfi=(3)
cfn=(168) 0x00000360
calls=1 0 
0 15
0 1
cob=(3)
cfi=(3)
cfn=(178) 0x00000410
calls=1 0 
0 17
0 2

fn=(222)
0 4
cob=(5)
cfi=(5)
cfn=(224)
calls=1 0 
0 13
0 1
cob=(5)
cfi=(5)
cfn=(230)
calls=1 0 
0 8
0 1
cob=(5)
cfi=(5)
cfn=(236)
calls=1 0 
0 12
0 2

ob=(3)
fl=(3)
fn=(168)
0 4
cfn=(170) 0x00000397
calls=1 0 
0 2
0 9

fn=(178)
0 5
cfn=(170)
calls=1 0 
0 2
0 10

fn=(162)
0 13

fn=(170)
0 4

totals: 128874034
